DRY-RUN mode: limiting to first 500 rows.

============================================================
Step 1/4: src/structural_features.py — processing 500 rows…
============================================================
Parsing captions ...
100%|███████████████████████████████████████████████████████████████████████████████████████| 500/500 [00:13<00:00, 37.57it/s]
Parsing articles ...
100%|███████████████████████████████████████████████████████████████████████████████████████| 500/500 [02:57<00:00,  2.82it/s]
Wrote 500 rows -> /Users/jayanandenm/Desktop/Text Analytics/Connections/results/sample_results_step1_structural.csv

============================================================
Step 2/4: src/similarity.py — processing 500 rows…
============================================================
Preprocessing captions ...
Preprocessing articles ...                                                                                                    
Computing TF-IDF cosine similarity ...                                                                                        
Computing Jaccard similarity ...                                                                                              
Computing SBERT similarity (articles truncated to 128 tokens) ...
Batches: 100%|██████████████████████████████████████████████████████████████████████████████████| 8/8 [00:01<00:00,  7.51it/s]
Batches: 100%|██████████████████████████████████████████████████████████████████████████████████| 8/8 [00:03<00:00,  2.35it/s]

=== Similarity Score Summary ===
  tfidf_sim: mean=0.3041  std=0.1506  min=0.0000  max=0.7302
  jaccard_sim: mean=0.0476  std=0.0368  min=0.0000  max=0.2609
  sbert_sim: mean=0.4646  std=0.1778  min=0.0058  max=0.9289

Mean by source:
          tfidf_sim  jaccard_sim  sbert_sim
source                                     
bbc          0.2704       0.0409     0.4517
guardian     0.3195       0.0506     0.4706

Mean by category:
                       tfidf_sim  jaccard_sim  sbert_sim
category                                                
business_economy          0.3050       0.0428     0.5011
entertainment_culture     0.3150       0.0465     0.4427
politics_government       0.3036       0.0456     0.4814
science_technology        0.2894       0.0431     0.4489
sport                     0.3048       0.0552     0.4928
world_society             0.2938       0.0496     0.4768

  Notable: 5 rows have sbert_sim < 0.05 (1.0% of pairs — likely caption/article mismatch)

Wrote 500 rows -> /Users/jayanandenm/Desktop/Text Analytics/Connections/results/sample_results_step2_similarity.csv

============================================================
Step 3/4: src/entity_alignment.py — processing 500 rows…
============================================================
Parsing captions for NER ...
100%|███████████████████████████████████████████████████████████████████████████████████████| 500/500 [00:12<00:00, 39.69it/s]
Parsing articles for NER ...
100%|███████████████████████████████████████████████████████████████████████████████████████| 500/500 [02:47<00:00,  2.98it/s]
Entity alignment: 100%|███████████████████████████████████████████████████████████████████| 500/500 [00:00<00:00, 9613.22it/s]
Wrote 500 rows -> /Users/jayanandenm/Desktop/Text Analytics/Connections/results/sample_results_step3_entity.csv

============================================================
Step 4/4: src/caption_classifier.py — processing 500 rows…
============================================================
Classifying captions: 100%|█████████████████████████████████████████████████████████████████| 500/500 [00:23<00:00, 21.39it/s]

=== Caption Type Distribution ===
  Independent        232  (46.4%)
  Extractive         181  (36.2%)
  Expansive           69  (13.8%)
  Descriptive         18  (3.6%)

By source:
caption_type  Descriptive  Expansive  Extractive  Independent
source                                                       
bbc                     7         23          53           74
guardian               11         46         128          158

Wrote 500 rows -> results/sample_results.csv

============================================================
PIPELINE COMPLETE
============================================================
Shape  : 500 rows × 30 columns
Nulls  :
  caption                             1
  ttr                                 2
  content_word_prop                   1
  propn_prop                          1
  tfidf_sim             mean=0.3041  min=0.0000  max=0.7302
  jaccard_sim           mean=0.0476  min=0.0000  max=0.2609
  sbert_sim             mean=0.4646  min=0.0058  max=0.9289

source distribution:
  guardian                          343  (68.6%)
  bbc                               157  (31.4%)

category distribution:
  entertainment_culture             186  (37.2%)
  world_society                     123  (24.6%)
  politics_government                57  (11.4%)
  sport                              55  (11.0%)
  science_technology                 54  (10.8%)
  business_economy                   25  (5.0%)

caption_type distribution:
  Independent                       232  (46.4%)
  Extractive                        181  (36.2%)
  Expansive                          69  (13.8%)
  Descriptive                        18  (3.6%)

Output : results/sample_results.csv